Running: C:\Xilinx\14.7\ISE_DS\ISE\bin\nt64\unwrapped\fuse.exe -intstyle ise -incremental -lib secureip -o F:/Final/tb_isim_beh.exe -prj F:/Final/tb_beh.prj work.tb 
ISim P.20131013 (signature 0x7708f090)
Number of CPUs detected in this system: 4
Turning on mult-threading, number of parallel sub-compilation jobs: 8 
Determining compilation order of HDL files
Parsing VHDL file "F:/Final/bin_inout.vhd" into library work
Parsing VHDL file "F:/Final/IO.vhd" into library work
Parsing VHDL file "F:/Final/TB.vhd" into library work
Starting static elaboration
Completed static elaboration
Compiling package standard
Compiling package std_logic_1164
Compiling package std_logic_arith
Compiling package std_logic_unsigned
Compiling architecture behavioral of entity bin_inout [bin_inout_default]
Compiling architecture behavioral of entity IO [io_default]
Compiling architecture behavior of entity tb
Time Resolution for simulation is 1ps.
Waiting for 1 sub-compilation(s) to finish...
Compiled 9 VHDL Units
Built simulation executable F:/Final/tb_isim_beh.exe
Fuse Memory Usage: 34692 KB
Fuse CPU Usage: 702 ms
